{"/Users/nmhieu9779/Project/MyApp/app/modules/TestConfig/actions/index.ts": {"path":"/Users/nmhieu9779/Project/MyApp/app/modules/TestConfig/actions/index.ts","statementMap":{},"fnMap":{},"branchMap":{},"s":{},"f":{},"b":{},"_coverageSchema":"1a1c01bbd47fc00a2c39e90264f33305004495a9","hash":"ce5b70530c26d0bf1a03a33968076f58b66c54a6"}
,"/Users/nmhieu9779/Project/MyApp/app/modules/TestConfig/actions/testConfig.action.ts": {"path":"/Users/nmhieu9779/Project/MyApp/app/modules/TestConfig/actions/testConfig.action.ts","statementMap":{"0":{"start":{"line":3,"column":16},"end":{"line":3,"column":60}}},"fnMap":{},"branchMap":{},"s":{"0":3},"f":{},"b":{},"_coverageSchema":"1a1c01bbd47fc00a2c39e90264f33305004495a9","hash":"e78e3d8b875c43f86fa59037861c330d9e4bd233"}
,"/Users/nmhieu9779/Project/MyApp/app/modules/TestConfig/reducers/index.ts": {"path":"/Users/nmhieu9779/Project/MyApp/app/modules/TestConfig/reducers/index.ts","statementMap":{},"fnMap":{},"branchMap":{},"s":{},"f":{},"b":{},"_coverageSchema":"1a1c01bbd47fc00a2c39e90264f33305004495a9","hash":"59b16f2b65f30e27a1abb144d9cbfe3cc0ce4bfd"}
,"/Users/nmhieu9779/Project/MyApp/app/modules/TestConfig/reducers/testConfig.reducer.ts": {"path":"/Users/nmhieu9779/Project/MyApp/app/modules/TestConfig/reducers/testConfig.reducer.ts","statementMap":{"0":{"start":{"line":8,"column":21},"end":{"line":8,"column":49}},"1":{"start":{"line":10,"column":26},"end":{"line":14,"column":2}},"2":{"start":{"line":11,"column":2},"end":{"line":13,"column":5}},"3":{"start":{"line":12,"column":4},"end":{"line":12,"column":45}}},"fnMap":{"0":{"name":"(anonymous_0)","decl":{"start":{"line":10,"column":54},"end":{"line":10,"column":55}},"loc":{"start":{"line":10,"column":65},"end":{"line":14,"column":1}},"line":10},"1":{"name":"(anonymous_1)","decl":{"start":{"line":11,"column":27},"end":{"line":11,"column":28}},"loc":{"start":{"line":11,"column":46},"end":{"line":13,"column":3}},"line":11}},"branchMap":{},"s":{"0":2,"1":2,"2":2,"3":1},"f":{"0":2,"1":1},"b":{},"_coverageSchema":"1a1c01bbd47fc00a2c39e90264f33305004495a9","hash":"41754029c72dcc070103107a79e8da99c2c42bcf"}
,"/Users/nmhieu9779/Project/MyApp/app/modules/TestConfig/sagas/testConfig.saga.ts": {"path":"/Users/nmhieu9779/Project/MyApp/app/modules/TestConfig/sagas/testConfig.saga.ts","statementMap":{"0":{"start":{"line":4,"column":22},"end":{"line":4,"column":37}},"1":{"start":{"line":6,"column":26},"end":{"line":8,"column":1}},"2":{"start":{"line":7,"column":2},"end":{"line":7,"column":50}}},"fnMap":{"0":{"name":"(anonymous_0)","decl":{"start":{"line":4,"column":22},"end":{"line":4,"column":23}},"loc":{"start":{"line":4,"column":35},"end":{"line":4,"column":37}},"line":4},"1":{"name":"(anonymous_1)","decl":{"start":{"line":6,"column":26},"end":{"line":6,"column":27}},"loc":{"start":{"line":6,"column":39},"end":{"line":8,"column":1}},"line":6}},"branchMap":{},"s":{"0":1,"1":1,"2":1},"f":{"0":1,"1":1},"b":{},"_coverageSchema":"1a1c01bbd47fc00a2c39e90264f33305004495a9","hash":"5825932cfe69829f73de23156ce94746c7bd7df3"}
,"/Users/nmhieu9779/Project/MyApp/app/modules/TestConfig/selectors/testConfig.selector.ts": {"path":"/Users/nmhieu9779/Project/MyApp/app/modules/TestConfig/selectors/testConfig.selector.ts","statementMap":{"0":{"start":{"line":5,"column":30},"end":{"line":5,"column":73}},"1":{"start":{"line":5,"column":52},"end":{"line":5,"column":73}},"2":{"start":{"line":7,"column":19},"end":{"line":9,"column":2}},"3":{"start":{"line":8,"column":2},"end":{"line":8,"column":30}}},"fnMap":{"0":{"name":"(anonymous_0)","decl":{"start":{"line":5,"column":30},"end":{"line":5,"column":31}},"loc":{"start":{"line":5,"column":52},"end":{"line":5,"column":73}},"line":5},"1":{"name":"(anonymous_1)","decl":{"start":{"line":7,"column":57},"end":{"line":7,"column":58}},"loc":{"start":{"line":7,"column":76},"end":{"line":9,"column":1}},"line":7}},"branchMap":{},"s":{"0":1,"1":1,"2":1,"3":1},"f":{"0":1,"1":1},"b":{},"_coverageSchema":"1a1c01bbd47fc00a2c39e90264f33305004495a9","hash":"d0e8c3078118be6b9cb5e59d7b3a876f4b6ebcfd"}
}
